TpTrace Verbose: 0 : 30004, 1, 2022/03/16, 16:16:46.788, 7141167299578, datacollector.dll, Version: 17.0.0
TpTrace Information: 0 : 30004, 1, 2022/03/16, 16:16:46.798, 7141167355925, datacollector.dll, DataCollectorMain.Run: Starting data collector run with args: --port,64733,--parentprocessid,79224,--diag,C:\Users\p.terzis\source\repos\BDDExercise\BDDExercise\bin\Debug\net6.0\fine-code-coverage\coverage-tool-output\diagnostics.datacollector.22-03-16_16-16-46_59041_5.log,--tracelevel,4
TpTrace Information: 0 : 30004, 1, 2022/03/16, 16:16:46.798, 7141167359813, datacollector.dll, DataCollector: Monitoring parent process with id: '79224'
TpTrace Information: 0 : 30004, 1, 2022/03/16, 16:16:46.815, 7141167528509, datacollector.dll, Trying to connect to server on socket : 127.0.0.1:64733 
TpTrace Verbose: 0 : 30004, 1, 2022/03/16, 16:16:46.830, 7141167677715, datacollector.dll, SocketCommunicationManager : SetupClientAsync : Attempting to connect to the server.
TpTrace Information: 0 : 30004, 8, 2022/03/16, 16:16:46.843, 7141167805573, datacollector.dll, Connected to the server successfully 
TpTrace Information: 0 : 30004, 8, 2022/03/16, 16:16:46.843, 7141167808149, datacollector.dll, Using the buffer size of 16384 bytes
TpTrace Information: 0 : 30004, 1, 2022/03/16, 16:16:46.932, 7141168701475, datacollector.dll, DataCollector: Start Request Processing.
TpTrace Information: 0 : 30004, 1, 2022/03/16, 16:16:46.936, 7141168736289, datacollector.dll, DataCollectionRequestHandler.ProcessRequests : Datacollector received message: (DataCollection.BeforeTestRunStart) -> {
  "SettingsXml": "<RunSettings><RunConfiguration><ResultsDirectory>C:\\Users\\p.terzis\\source\\repos\\BDDExercise\\BDDExercise\\bin\\Debug\\net6.0\\fine-code-coverage\\coverage-tool-output</ResultsDirectory><TargetPlatform>X64</TargetPlatform><TargetFrameworkVersion>.NETCoreApp,Version=v6.0</TargetFrameworkVersion><DesignMode>False</DesignMode><CollectSourceInformation>False</CollectSourceInformation><TestAdaptersPaths>C:\\Program Files\\dotnet\\sdk\\6.0.102\\Extensions</TestAdaptersPaths></RunConfiguration><LoggerRunSettings><Loggers><Logger friendlyName=\"blame\" enabled=\"True\" /><Logger friendlyName=\"Console\" uri=\"logger://microsoft/TestPlatform/ConsoleLogger/v1\" assemblyQualifiedName=\"Microsoft.VisualStudio.TestPlatform.CommandLine.Internal.ConsoleLogger, vstest.console, Version=15.0.0.0, Culture=neutral, PublicKeyToken=b03f5f7f11d50a3a\" codeBase=\"C:\\Program Files\\dotnet\\sdk\\6.0.102\\vstest.console.dll\" enabled=\"True\" /></Loggers></LoggerRunSettings><DataCollectionRunSettings><DataCollectors><DataCollector friendlyName=\"blame\" enabled=\"True\"><Configuration><ResultsDirectory>C:\\Users\\p.terzis\\source\\repos\\BDDExercise\\BDDExercise\\bin\\Debug\\net6.0\\fine-code-coverage\\coverage-tool-output</ResultsDirectory></Configuration></DataCollector></DataCollectors></DataCollectionRunSettings></RunSettings>",
  "Sources": [
    "C:\\Users\\p.terzis\\source\\repos\\BDDExercise\\BDDExercise\\bin\\Debug\\net6.0\\fine-code-coverage\\build-output\\BDDExercise.dll"
  ],
  "IsTelemetryOptedIn": false
}
TpTrace Verbose: 0 : 30004, 1, 2022/03/16, 16:16:46.990, 7141169281659, datacollector.dll, TestPluginCache: Update extensions started. Skip filter = False
TpTrace Verbose: 0 : 30004, 1, 2022/03/16, 16:16:46.991, 7141169291754, datacollector.dll, TestPluginCache: Using directories for assembly resolution 'C:\Program Files\dotnet\sdk\6.0.102\Extensions'.
TpTrace Verbose: 0 : 30004, 1, 2022/03/16, 16:16:46.992, 7141169294161, datacollector.dll, TestPluginCache: Updated the available extensions to 'C:\Program Files\dotnet\sdk\6.0.102\Extensions\Microsoft.TestPlatform.Extensions.BlameDataCollector.dll,C:\Program Files\dotnet\sdk\6.0.102\Extensions\Microsoft.TestPlatform.Extensions.EventLogCollector.dll'.
TpTrace Verbose: 0 : 30004, 1, 2022/03/16, 16:16:47.001, 7141169389991, datacollector.dll, TestPluginCache.DiscoverTestExtensions: finding test extensions in assemblies ends with: Collector.dll TPluginInfo: Microsoft.VisualStudio.TestPlatform.Common.DataCollector.DataCollectorConfig TExtension: Microsoft.VisualStudio.TestPlatform.ObjectModel.DataCollection.DataCollector
TpTrace Verbose: 0 : 30004, 1, 2022/03/16, 16:16:47.002, 7141169395834, datacollector.dll, TestPluginCache.GetExtensionPaths: Filtered extension paths: C:\Program Files\dotnet\sdk\6.0.102\Extensions\Microsoft.TestPlatform.Extensions.BlameDataCollector.dll
C:\Program Files\dotnet\sdk\6.0.102\Extensions\Microsoft.TestPlatform.Extensions.EventLogCollector.dll
TpTrace Verbose: 0 : 30004, 1, 2022/03/16, 16:16:47.002, 7141169397916, datacollector.dll, TestPluginCache.GetExtensionPaths: Added default extension paths: 
TpTrace Verbose: 0 : 30004, 1, 2022/03/16, 16:16:47.002, 7141169399640, datacollector.dll, TestPluginCache.GetExtensionPaths: Added unfilterableExtensionPaths: 
TpTrace Information: 0 : 30004, 1, 2022/03/16, 16:16:47.003, 7141169407181, datacollector.dll, AssemblyResolver.ctor: Creating AssemblyResolver with searchDirectories C:\Program Files\dotnet\sdk\6.0.102\Extensions,C:\Program Files\dotnet\sdk\6.0.102
TpTrace Verbose: 0 : 30004, 1, 2022/03/16, 16:16:47.006, 7141169438757, datacollector.dll, TestPluginCache.DiscoverTestExtensions: Discovering the extensions using extension path.
TpTrace Verbose: 0 : 30004, 1, 2022/03/16, 16:16:47.006, 7141169442139, datacollector.dll, TestPluginCache.GetExtensionPaths: Filtered extension paths: C:\Program Files\dotnet\sdk\6.0.102\Extensions\Microsoft.TestPlatform.Extensions.BlameDataCollector.dll
C:\Program Files\dotnet\sdk\6.0.102\Extensions\Microsoft.TestPlatform.Extensions.EventLogCollector.dll
TpTrace Verbose: 0 : 30004, 1, 2022/03/16, 16:16:47.007, 7141169444088, datacollector.dll, TestPluginCache.GetExtensionPaths: Added default extension paths: 
TpTrace Verbose: 0 : 30004, 1, 2022/03/16, 16:16:47.007, 7141169445812, datacollector.dll, TestPluginCache.GetExtensionPaths: Added unfilterableExtensionPaths: 
TpTrace Verbose: 0 : 30004, 1, 2022/03/16, 16:16:47.007, 7141169447956, datacollector.dll, TestPluginCache.DiscoverTestExtensions: Discovering the extensions using allExtensionPaths: C:\Program Files\dotnet\sdk\6.0.102\Extensions\Microsoft.TestPlatform.Extensions.BlameDataCollector.dll
C:\Program Files\dotnet\sdk\6.0.102\Extensions\Microsoft.TestPlatform.Extensions.EventLogCollector.dll
TpTrace Information: 0 : 30004, 1, 2022/03/16, 16:16:47.007, 7141169450436, datacollector.dll, AssemblyResolver.AddSearchDirectories: Adding more searchDirectories C:\Program Files\dotnet\sdk\6.0.102\Extensions,C:\Program Files\dotnet\sdk\6.0.102
TpTrace Information: 0 : 30004, 1, 2022/03/16, 16:16:47.007, 7141169452417, datacollector.dll, AssemblyResolver.AddSearchDirectories: Adding more searchDirectories C:\Program Files\dotnet\sdk\6.0.102\Extensions,C:\Program Files\dotnet\sdk\6.0.102
TpTrace Information: 0 : 30004, 1, 2022/03/16, 16:16:47.008, 7141169457998, datacollector.dll, AssemblyResolver.OnResolve: Microsoft.TestPlatform.Extensions.BlameDataCollector: Resolving assembly.
TpTrace Information: 0 : 30004, 1, 2022/03/16, 16:16:47.008, 7141169460245, datacollector.dll, AssemblyResolver.OnResolve: Microsoft.TestPlatform.Extensions.BlameDataCollector: Searching in: 'C:\Program Files\dotnet\sdk\6.0.102\Extensions'.
TpTrace Information: 0 : 30004, 1, 2022/03/16, 16:16:47.009, 7141169467017, datacollector.dll, AssemblyResolver.OnResolve: Microsoft.TestPlatform.Extensions.BlameDataCollector: Loading assembly 'C:\Program Files\dotnet\sdk\6.0.102\Extensions\Microsoft.TestPlatform.Extensions.BlameDataCollector.dll'.
TpTrace Information: 0 : 30004, 1, 2022/03/16, 16:16:47.012, 7141169493431, datacollector.dll, AssemblyResolver.OnResolve: Resolved assembly: Microsoft.TestPlatform.Extensions.BlameDataCollector, from path: C:\Program Files\dotnet\sdk\6.0.102\Extensions\Microsoft.TestPlatform.Extensions.BlameDataCollector.dll
TpTrace Error: 0 : 30004, 1, 2022/03/16, 16:16:47.016, 7141169537398, datacollector.dll, The type "Microsoft.TestPlatform.Extensions.BlameDataCollector.BlameCollector" defined in "Microsoft.TestPlatform.Extensions.BlameDataCollector.dll" does not have ExtensionUri attribute.
TpTrace Information: 0 : 30004, 1, 2022/03/16, 16:16:47.017, 7141169552777, datacollector.dll, AssemblyResolver.OnResolve: Microsoft.TestPlatform.Extensions.EventLogCollector: Resolving assembly.
TpTrace Information: 0 : 30004, 1, 2022/03/16, 16:16:47.018, 7141169555111, datacollector.dll, AssemblyResolver.OnResolve: Microsoft.TestPlatform.Extensions.EventLogCollector: Searching in: 'C:\Program Files\dotnet\sdk\6.0.102\Extensions'.
TpTrace Information: 0 : 30004, 1, 2022/03/16, 16:16:47.018, 7141169560385, datacollector.dll, AssemblyResolver.OnResolve: Microsoft.TestPlatform.Extensions.EventLogCollector: Loading assembly 'C:\Program Files\dotnet\sdk\6.0.102\Extensions\Microsoft.TestPlatform.Extensions.EventLogCollector.dll'.
TpTrace Information: 0 : 30004, 1, 2022/03/16, 16:16:47.021, 7141169586306, datacollector.dll, AssemblyResolver.OnResolve: Resolved assembly: Microsoft.TestPlatform.Extensions.EventLogCollector, from path: C:\Program Files\dotnet\sdk\6.0.102\Extensions\Microsoft.TestPlatform.Extensions.EventLogCollector.dll
TpTrace Error: 0 : 30004, 1, 2022/03/16, 16:16:47.027, 7141169646115, datacollector.dll, The type "Microsoft.TestPlatform.Extensions.EventLogCollector.EventLogDataCollector" defined in "Microsoft.TestPlatform.Extensions.EventLogCollector.dll" does not have ExtensionUri attribute.
TpTrace Verbose: 0 : 30004, 1, 2022/03/16, 16:16:47.027, 7141169651733, datacollector.dll, TestPluginCache: Discovered the extensions using extension path 'C:\Program Files\dotnet\sdk\6.0.102\Extensions\Microsoft.TestPlatform.Extensions.BlameDataCollector.dll,C:\Program Files\dotnet\sdk\6.0.102\Extensions\Microsoft.TestPlatform.Extensions.EventLogCollector.dll'.
TpTrace Verbose: 0 : 30004, 1, 2022/03/16, 16:16:47.028, 7141169653926, datacollector.dll, TestPluginCache: Discoverers are ''.
TpTrace Verbose: 0 : 30004, 1, 2022/03/16, 16:16:47.028, 7141169655643, datacollector.dll, TestPluginCache: Executors are ''.
TpTrace Verbose: 0 : 30004, 1, 2022/03/16, 16:16:47.028, 7141169657367, datacollector.dll, TestPluginCache: Executors2 are ''.
TpTrace Verbose: 0 : 30004, 1, 2022/03/16, 16:16:47.028, 7141169659219, datacollector.dll, TestPluginCache: Setting providers are ''.
TpTrace Verbose: 0 : 30004, 1, 2022/03/16, 16:16:47.028, 7141169660878, datacollector.dll, TestPluginCache: Loggers are ''.
TpTrace Information: 0 : 30004, 1, 2022/03/16, 16:16:47.030, 7141169674404, datacollector.dll, TestPluginManager.CreateTestExtension: Attempting to load test extension: Microsoft.TestPlatform.Extensions.BlameDataCollector.BlameCollector
TpTrace Error: 0 : 30004, 1, 2022/03/16, 16:16:47.030, 7141169678783, datacollector.dll, The type "Microsoft.TestPlatform.Extensions.BlameDataCollector.BlameCollector" defined in "Microsoft.TestPlatform.Extensions.BlameDataCollector.dll" does not have ExtensionUri attribute.
TpTrace Information: 0 : 30004, 1, 2022/03/16, 16:16:47.038, 7141169753928, datacollector.dll, Listening on Endpoint : 127.0.0.1:64735
TpTrace Information: 0 : 30004, 1, 2022/03/16, 16:16:47.045, 7141169832728, datacollector.dll, DataCollectionRequestHandler.ProcessRequests : DataCollection started.
TpTrace Information: 0 : 30004, 1, 2022/03/16, 16:16:47.103, 7141170412433, datacollector.dll, DataCollectionRequestHandler.ProcessRequests : Datacollector received message: (DataCollection.TestHostLaunched) -> {
  "ProcessId": 74736
}
TpTrace Information: 0 : 30004, 5, 2022/03/16, 16:16:47.409, 7141173464757, datacollector.dll, Using the buffer size of 16384 bytes
TpTrace Information: 0 : 30004, 5, 2022/03/16, 16:16:47.409, 7141173467063, datacollector.dll, Accepted Client request and set the flag
TpTrace Information: 0 : 30004, 8, 2022/03/16, 16:16:48.957, 7141188949981, datacollector.dll, DataCollectionTestCaseEventHandler: Test case starting.
TpTrace Information: 0 : 30004, 8, 2022/03/16, 16:16:48.986, 7141189240315, datacollector.dll, Blame Collector : Test Case Start
TpTrace Information: 0 : 30004, 8, 2022/03/16, 16:16:48.987, 7141189245807, datacollector.dll, DataCollectionTestCaseEventHandler: Test case 'InvalidLogin("asdf","123",null) - ea477e1b-88d5-e159-ddca-f1548e385c80' started.
TpTrace Information: 0 : 30004, 8, 2022/03/16, 16:16:58.802, 7141287399023, datacollector.dll, DataCollectionTestCaseEventHandler : Test case completing.
TpTrace Information: 0 : 30004, 8, 2022/03/16, 16:16:58.806, 7141287441053, datacollector.dll, Blame Collector : Test Case End
TpTrace Information: 0 : 30004, 8, 2022/03/16, 16:16:58.809, 7141287470944, datacollector.dll, DataCollectionTestCaseEventHandler: Test case 'InvalidLogin("asdf","123",null) - ea477e1b-88d5-e159-ddca-f1548e385c80' completed
TpTrace Information: 0 : 30004, 8, 2022/03/16, 16:16:58.862, 7141288001734, datacollector.dll, DataCollectionTestCaseEventHandler: Test case starting.
TpTrace Information: 0 : 30004, 8, 2022/03/16, 16:16:58.863, 7141288010529, datacollector.dll, Blame Collector : Test Case Start
TpTrace Information: 0 : 30004, 8, 2022/03/16, 16:16:58.864, 7141288016437, datacollector.dll, DataCollectionTestCaseEventHandler: Test case 'InvalidLogin("","123",null) - 898abc8a-c72b-d34a-e78a-050773a1882a' started.
TpTrace Information: 0 : 30004, 8, 2022/03/16, 16:17:07.424, 7141373612645, datacollector.dll, DataCollectionTestCaseEventHandler : Test case completing.
TpTrace Information: 0 : 30004, 8, 2022/03/16, 16:17:07.425, 7141373623380, datacollector.dll, Blame Collector : Test Case End
TpTrace Information: 0 : 30004, 8, 2022/03/16, 16:17:07.425, 7141373629072, datacollector.dll, DataCollectionTestCaseEventHandler: Test case 'InvalidLogin("","123",null) - 898abc8a-c72b-d34a-e78a-050773a1882a' completed
TpTrace Information: 0 : 30004, 8, 2022/03/16, 16:17:07.429, 7141373670812, datacollector.dll, DataCollectionTestCaseEventHandler: Test case starting.
TpTrace Information: 0 : 30004, 8, 2022/03/16, 16:17:07.430, 7141373678939, datacollector.dll, Blame Collector : Test Case Start
TpTrace Information: 0 : 30004, 8, 2022/03/16, 16:17:07.431, 7141373683347, datacollector.dll, DataCollectionTestCaseEventHandler: Test case 'InvalidLogin("panos2","123",null) - 616fbf39-5d9c-a111-aca0-e1a2d91d0507' started.
TpTrace Information: 0 : 30004, 8, 2022/03/16, 16:17:16.163, 7141461009475, datacollector.dll, DataCollectionTestCaseEventHandler : Test case completing.
TpTrace Information: 0 : 30004, 8, 2022/03/16, 16:17:16.164, 7141461017284, datacollector.dll, Blame Collector : Test Case End
TpTrace Information: 0 : 30004, 8, 2022/03/16, 16:17:16.164, 7141461022095, datacollector.dll, DataCollectionTestCaseEventHandler: Test case 'InvalidLogin("panos2","123",null) - 616fbf39-5d9c-a111-aca0-e1a2d91d0507' completed
TpTrace Information: 0 : 30004, 8, 2022/03/16, 16:17:16.169, 7141461069055, datacollector.dll, DataCollectionTestCaseEventHandler: Test case starting.
TpTrace Information: 0 : 30004, 8, 2022/03/16, 16:17:16.170, 7141461075280, datacollector.dll, Blame Collector : Test Case Start
TpTrace Information: 0 : 30004, 8, 2022/03/16, 16:17:16.170, 7141461079403, datacollector.dll, DataCollectionTestCaseEventHandler: Test case 'InvalidLogin("panos2","",null) - 2eac190e-3aa6-7009-dc42-861217dbc15c' started.
TpTrace Information: 0 : 30004, 8, 2022/03/16, 16:17:24.797, 7141547351341, datacollector.dll, DataCollectionTestCaseEventHandler : Test case completing.
TpTrace Information: 0 : 30004, 8, 2022/03/16, 16:17:24.798, 7141547357441, datacollector.dll, Blame Collector : Test Case End
TpTrace Information: 0 : 30004, 8, 2022/03/16, 16:17:24.798, 7141547361236, datacollector.dll, DataCollectionTestCaseEventHandler: Test case 'InvalidLogin("panos2","",null) - 2eac190e-3aa6-7009-dc42-861217dbc15c' completed
TpTrace Information: 0 : 30004, 8, 2022/03/16, 16:17:24.802, 7141547392943, datacollector.dll, DataCollectionTestCaseEventHandler: Test case starting.
TpTrace Information: 0 : 30004, 8, 2022/03/16, 16:17:24.802, 7141547398697, datacollector.dll, Blame Collector : Test Case Start
TpTrace Information: 0 : 30004, 8, 2022/03/16, 16:17:24.803, 7141547402513, datacollector.dll, DataCollectionTestCaseEventHandler: Test case 'InvalidLogin("asdf","qwert1",null) - 0c9c6b8a-3026-8d6c-5df4-3a0ab8f054a5' started.
TpTrace Information: 0 : 30004, 8, 2022/03/16, 16:17:32.663, 7141626008637, datacollector.dll, DataCollectionTestCaseEventHandler : Test case completing.
TpTrace Information: 0 : 30004, 8, 2022/03/16, 16:17:32.664, 7141626017649, datacollector.dll, Blame Collector : Test Case End
TpTrace Information: 0 : 30004, 8, 2022/03/16, 16:17:32.665, 7141626022101, datacollector.dll, DataCollectionTestCaseEventHandler: Test case 'InvalidLogin("asdf","qwert1",null) - 0c9c6b8a-3026-8d6c-5df4-3a0ab8f054a5' completed
TpTrace Information: 0 : 30004, 8, 2022/03/16, 16:17:32.670, 7141626074177, datacollector.dll, DataCollectionTestCaseEventHandler: Test case starting.
TpTrace Information: 0 : 30004, 8, 2022/03/16, 16:17:32.670, 7141626079840, datacollector.dll, Blame Collector : Test Case Start
TpTrace Information: 0 : 30004, 8, 2022/03/16, 16:17:32.671, 7141626083221, datacollector.dll, DataCollectionTestCaseEventHandler: Test case 'MissingRegistrationInfo - f4c859aa-fc92-2b34-ebb6-933d37b6bc92' started.
TpTrace Information: 0 : 30004, 8, 2022/03/16, 16:17:44.099, 7141740370687, datacollector.dll, DataCollectionTestCaseEventHandler : Test case completing.
TpTrace Information: 0 : 30004, 8, 2022/03/16, 16:17:44.100, 7141740379985, datacollector.dll, Blame Collector : Test Case End
TpTrace Information: 0 : 30004, 8, 2022/03/16, 16:17:44.101, 7141740384971, datacollector.dll, DataCollectionTestCaseEventHandler: Test case 'MissingRegistrationInfo - f4c859aa-fc92-2b34-ebb6-933d37b6bc92' completed
TpTrace Information: 0 : 30004, 8, 2022/03/16, 16:17:44.105, 7141740421473, datacollector.dll, DataCollectionTestCaseEventHandler: Test case starting.
TpTrace Information: 0 : 30004, 8, 2022/03/16, 16:17:44.105, 7141740426789, datacollector.dll, Blame Collector : Test Case Start
TpTrace Information: 0 : 30004, 8, 2022/03/16, 16:17:44.105, 7141740430065, datacollector.dll, DataCollectionTestCaseEventHandler: Test case 'SuccessfulUsersLogin - 597014eb-db1f-2b0e-ac65-3ab25e4c7be6' started.
TpTrace Information: 0 : 30004, 8, 2022/03/16, 16:17:52.830, 7141827677434, datacollector.dll, DataCollectionTestCaseEventHandler : Test case completing.
TpTrace Information: 0 : 30004, 8, 2022/03/16, 16:17:52.831, 7141827685537, datacollector.dll, Blame Collector : Test Case End
TpTrace Information: 0 : 30004, 8, 2022/03/16, 16:17:52.831, 7141827689673, datacollector.dll, DataCollectionTestCaseEventHandler: Test case 'SuccessfulUsersLogin - 597014eb-db1f-2b0e-ac65-3ab25e4c7be6' completed
TpTrace Information: 0 : 30004, 8, 2022/03/16, 16:17:52.835, 7141827724654, datacollector.dll, DataCollectionTestCaseEventHandler: Test case starting.
TpTrace Information: 0 : 30004, 8, 2022/03/16, 16:17:52.835, 7141827730972, datacollector.dll, Blame Collector : Test Case Start
TpTrace Information: 0 : 30004, 8, 2022/03/16, 16:17:52.836, 7141827735386, datacollector.dll, DataCollectionTestCaseEventHandler: Test case 'SuccessfulUsersRegistration - 2e475cc6-f2f6-06a3-bff2-93800682a5e6' started.
TpTrace Information: 0 : 30004, 8, 2022/03/16, 16:18:01.832, 7141917697029, datacollector.dll, DataCollectionTestCaseEventHandler : Test case completing.
TpTrace Information: 0 : 30004, 8, 2022/03/16, 16:18:01.833, 7141917704174, datacollector.dll, Blame Collector : Test Case End
TpTrace Information: 0 : 30004, 8, 2022/03/16, 16:18:01.833, 7141917707484, datacollector.dll, DataCollectionTestCaseEventHandler: Test case 'SuccessfulUsersRegistration - 2e475cc6-f2f6-06a3-bff2-93800682a5e6' completed
TpTrace Information: 0 : 30004, 8, 2022/03/16, 16:18:01.836, 7141917740509, datacollector.dll, DataCollectionTestCaseEventHandler: Test case starting.
TpTrace Information: 0 : 30004, 8, 2022/03/16, 16:18:01.837, 7141917745998, datacollector.dll, Blame Collector : Test Case Start
TpTrace Information: 0 : 30004, 8, 2022/03/16, 16:18:01.837, 7141917750211, datacollector.dll, DataCollectionTestCaseEventHandler: Test case 'UserIsAlreadyRegistered - 8f916a74-c003-dda0-bdd3-b3eb938892b9' started.
TpTrace Information: 0 : 30004, 8, 2022/03/16, 16:18:11.493, 7142014303415, datacollector.dll, DataCollectionTestCaseEventHandler : Test case completing.
TpTrace Information: 0 : 30004, 8, 2022/03/16, 16:18:11.494, 7142014310843, datacollector.dll, Blame Collector : Test Case End
TpTrace Information: 0 : 30004, 8, 2022/03/16, 16:18:11.494, 7142014314783, datacollector.dll, DataCollectionTestCaseEventHandler: Test case 'UserIsAlreadyRegistered - 8f916a74-c003-dda0-bdd3-b3eb938892b9' completed
TpTrace Information: 0 : 30004, 8, 2022/03/16, 16:18:12.388, 7142023256270, datacollector.dll, DataCollectionTestCaseEventHandler: Test session ended
TpTrace Information: 0 : 30004, 1, 2022/03/16, 16:18:12.419, 7142023570755, datacollector.dll, DataCollectionRequestHandler.ProcessRequests : Datacollector received message: (DataCollection.AfterTestRunEnd) -> false
TpTrace Information: 0 : 30004, 1, 2022/03/16, 16:18:12.420, 7142023576438, datacollector.dll, Blame Collector : Session End
TpTrace Information: 0 : 30004, 1, 2022/03/16, 16:18:12.420, 7142023578020, datacollector.dll, BlameCollector.CollectDumpAndAbortTesthost: Custom path to dump directory was provided via VSTEST_DUMP_PATH. Skipping attachment upload, the caller is responsible for collecting and uploading the dumps themselves.
TpTrace Information: 0 : 30004, 1, 2022/03/16, 16:18:12.420, 7142023580006, datacollector.dll, DataCollectionManager.CleanupPlugins: CleanupPlugins called
TpTrace Verbose: 0 : 30004, 1, 2022/03/16, 16:18:12.421, 7142023581377, datacollector.dll, DataCollectionManager.CleanupPlugins: Cleaning up 1 plugins
TpTrace Verbose: 0 : 30004, 1, 2022/03/16, 16:18:12.421, 7142023583182, datacollector.dll, dataCollectorInfo.DisposeDataCollector: calling Dispose() on Microsoft.TestPlatform.Extensions.BlameDataCollector.BlameCollector
TpTrace Information: 0 : 30004, 1, 2022/03/16, 16:18:12.421, 7142023584736, datacollector.dll, DataCollectionManager.CleanupPlugins: CleanupPlugins finished
TpTrace Information: 0 : 30004, 1, 2022/03/16, 16:18:12.423, 7142023603784, datacollector.dll, DataCollectionRequestHandler.ProcessRequests : Session End message received from server. Closing the connection.
TpTrace Information: 0 : 30004, 1, 2022/03/16, 16:18:12.423, 7142023606301, datacollector.dll, Closing the connection !
TpTrace Information: 0 : 30004, 1, 2022/03/16, 16:18:12.423, 7142023607712, datacollector.dll, DataCollectionRequestHandler.ProcessRequests : DataCollection completed
TpTrace Information: 0 : 30004, 1, 2022/03/16, 16:18:12.423, 7142023609005, datacollector.dll, Program.Main: exiting datacollector process.
